<?xml version="1.0" encoding="UTF-8"?>
<testsuite xmlns:xsi="http://www.w3.org/2001/XMLSchema-instance" xsi:noNamespaceSchemaLocation="https://maven.apache.org/surefire/maven-failsafe-plugin/xsd/failsafe-test-report.xsd" version="3.0.2" name="com.mycompany.assignmentpart1.LoginIT" time="0.201" tests="14" errors="0" skipped="0" failures="0">
  <properties>
    <property name="java.specification.version" value="24"/>
    <property name="sun.cpu.isalist" value="amd64"/>
    <property name="sun.jnu.encoding" value="Cp1252"/>
    <property name="java.class.path" value="C:\Users\britt\Documents\NetBeansProjects\Assignments_POE-Assignment-2\AssignmentPart1\target\test-classes;C:\Users\britt\Documents\NetBeansProjects\Assignments_POE-Assignment-2\AssignmentPart1\target\AssignmentPart1-1.0-SNAPSHOT.jar;C:\Users\britt\.m2\repository\org\junit\jupiter\junit-jupiter-api\5.10.3\junit-jupiter-api-5.10.3.jar;C:\Users\britt\.m2\repository\org\opentest4j\opentest4j\1.3.0\opentest4j-1.3.0.jar;C:\Users\britt\.m2\repository\org\junit\platform\junit-platform-commons\1.10.3\junit-platform-commons-1.10.3.jar;C:\Users\britt\.m2\repository\org\apiguardian\apiguardian-api\1.1.2\apiguardian-api-1.1.2.jar;C:\Users\britt\.m2\repository\com\googlecode\json-simple\json-simple\1.1.1\json-simple-1.1.1.jar;C:\Users\britt\.m2\repository\junit\junit\4.10\junit-4.10.jar;C:\Users\britt\.m2\repository\org\hamcrest\hamcrest-core\1.1\hamcrest-core-1.1.jar;C:\Users\britt\.m2\repository\org\junit\jupiter\junit-jupiter-params\5.10.3\junit-jupiter-params-5.10.3.jar;C:\Users\britt\.m2\repository\org\junit\jupiter\junit-jupiter-engine\5.10.3\junit-jupiter-engine-5.10.3.jar;C:\Users\britt\.m2\repository\org\junit\platform\junit-platform-engine\1.10.3\junit-platform-engine-1.10.3.jar;"/>
    <property name="java.vm.vendor" value="Oracle Corporation"/>
    <property name="sun.arch.data.model" value="64"/>
    <property name="user.variant" value=""/>
    <property name="java.vendor.url" value="https://java.oracle.com/"/>
    <property name="user.timezone" value="Africa/Johannesburg"/>
    <property name="os.name" value="Windows 11"/>
    <property name="java.vm.specification.version" value="24"/>
    <property name="user.country" value="ZA"/>
    <property name="sun.java.launcher" value="SUN_STANDARD"/>
    <property name="sun.boot.library.path" value="C:\Program Files\Java\jdk-24\bin"/>
    <property name="sun.java.command" value="C:\Users\britt\AppData\Local\Temp\surefire12538673316936602643\surefirebooter-20251029125417777_3.jar C:\Users\britt\AppData\Local\Temp\surefire12538673316936602643 2025-10-29T12-54-17_466-jvmRun1 surefire-20251029125417777_1tmp surefire_0-20251029125417777_2tmp"/>
    <property name="jdk.debug" value="release"/>
    <property name="test" value="DummyToSkipUnitTests"/>
    <property name="surefire.test.class.path" value="C:\Users\britt\Documents\NetBeansProjects\Assignments_POE-Assignment-2\AssignmentPart1\target\test-classes;C:\Users\britt\Documents\NetBeansProjects\Assignments_POE-Assignment-2\AssignmentPart1\target\AssignmentPart1-1.0-SNAPSHOT.jar;C:\Users\britt\.m2\repository\org\junit\jupiter\junit-jupiter-api\5.10.3\junit-jupiter-api-5.10.3.jar;C:\Users\britt\.m2\repository\org\opentest4j\opentest4j\1.3.0\opentest4j-1.3.0.jar;C:\Users\britt\.m2\repository\org\junit\platform\junit-platform-commons\1.10.3\junit-platform-commons-1.10.3.jar;C:\Users\britt\.m2\repository\org\apiguardian\apiguardian-api\1.1.2\apiguardian-api-1.1.2.jar;C:\Users\britt\.m2\repository\com\googlecode\json-simple\json-simple\1.1.1\json-simple-1.1.1.jar;C:\Users\britt\.m2\repository\junit\junit\4.10\junit-4.10.jar;C:\Users\britt\.m2\repository\org\hamcrest\hamcrest-core\1.1\hamcrest-core-1.1.jar;C:\Users\britt\.m2\repository\org\junit\jupiter\junit-jupiter-params\5.10.3\junit-jupiter-params-5.10.3.jar;C:\Users\britt\.m2\repository\org\junit\jupiter\junit-jupiter-engine\5.10.3\junit-jupiter-engine-5.10.3.jar;C:\Users\britt\.m2\repository\org\junit\platform\junit-platform-engine\1.10.3\junit-platform-engine-1.10.3.jar;"/>
    <property name="sun.cpu.endian" value="little"/>
    <property name="user.home" value="C:\Users\britt"/>
    <property name="user.language" value="en"/>
    <property name="java.specification.vendor" value="Oracle Corporation"/>
    <property name="java.version.date" value="2025-07-15"/>
    <property name="java.home" value="C:\Program Files\Java\jdk-24"/>
    <property name="file.separator" value="\"/>
    <property name="basedir" value="C:\Users\britt\Documents\NetBeansProjects\Assignments_POE-Assignment-2\AssignmentPart1"/>
    <property name="java.vm.compressedOopsMode" value="Zero based"/>
    <property name="line.separator" value="&#10;"/>
    <property name="java.vm.specification.vendor" value="Oracle Corporation"/>
    <property name="java.specification.name" value="Java Platform API Specification"/>
    <property name="surefire.real.class.path" value="C:\Users\britt\AppData\Local\Temp\surefire12538673316936602643\surefirebooter-20251029125417777_3.jar"/>
    <property name="user.script" value=""/>
    <property name="sun.management.compiler" value="HotSpot 64-Bit Tiered Compilers"/>
    <property name="java.runtime.version" value="24.0.2+12-54"/>
    <property name="user.name" value="britt"/>
    <property name="stdout.encoding" value="Cp1252"/>
    <property name="path.separator" value=";"/>
    <property name="os.version" value="10.0"/>
    <property name="java.runtime.name" value="Java(TM) SE Runtime Environment"/>
    <property name="file.encoding" value="UTF-8"/>
    <property name="surefire.failIfNoSpecifiedTests" value="false"/>
    <property name="java.vm.name" value="Java HotSpot(TM) 64-Bit Server VM"/>
    <property name="maven.ext.class.path" value="C:\Program Files\NetBeans-25\netbeans\java\maven-nblib\netbeans-eventspy.jar"/>
    <property name="localRepository" value="C:\Users\britt\.m2\repository"/>
    <property name="java.vendor.url.bug" value="https://bugreport.java.com/bugreport/"/>
    <property name="java.io.tmpdir" value="C:\Users\britt\AppData\Local\Temp\"/>
    <property name="java.version" value="24.0.2"/>
    <property name="user.dir" value="C:\Users\britt\Documents\NetBeansProjects\Assignments_POE-Assignment-2\AssignmentPart1"/>
    <property name="os.arch" value="amd64"/>
    <property name="java.vm.specification.name" value="Java Virtual Machine Specification"/>
    <property name="it.test" value="com.mycompany.assignmentpart1.LoginIT"/>
    <property name="failIfNoTests" value="false"/>
    <property name="sun.os.patch.level" value=""/>
    <property name="native.encoding" value="Cp1252"/>
    <property name="java.library.path" value="C:\Program Files\Java\jdk-24\bin;C:\WINDOWS\Sun\Java\bin;C:\WINDOWS\system32;C:\WINDOWS;C:\Program Files\Common Files\Oracle\Java\javapath;C:\WINDOWS\system32;C:\WINDOWS;C:\WINDOWS\System32\Wbem;C:\WINDOWS\System32\WindowsPowerShell\v1.0\;C:\WINDOWS\System32\OpenSSH\;C:\Users\britt\AppData\Roaming\nvm;C:\Program Files\nodejs;C:\Program Files\PostgreSQL\17\bin;C:\Program Files\dotnet\;C:\Program Files\nodejs\;C:\Program Files\Microsoft SQL Server\150\Tools\Binn\;C:\Program Files\Microsoft SQL Server\Client SDK\ODBC\170\Tools\Binn\;C:\Program Files (x86)\Microsoft SQL Server\160\Tools\Binn\;C:\Program Files\Microsoft SQL Server\160\Tools\Binn\;C:\Program Files\Microsoft SQL Server\160\DTS\Binn\;C:\Program Files\Git\cmd;C:\Users\britt\AppData\Local\Programs\Python\Python312\Scripts\;C:\Users\britt\AppData\Local\Programs\Python\Python312\;C:\Users\britt\AppData\Local\Programs\Python\Launcher\;C:\Users\britt\AppData\Local\Microsoft\WindowsApps;C:\Program Files (x86)\heroku\bin;C:\Users\britt\AppData\Local\GitHubDesktop\bin;C:\Users\britt\AppData\Roaming\nvm;C:\Program Files\nodejs;C:\Users\britt\AppData\Local\Programs\Microsoft VS Code\bin;C:\Users\britt\.dotnet\tools;C:\Users\britt\AppData\Roaming\npm;."/>
    <property name="java.vm.info" value="mixed mode, sharing"/>
    <property name="stderr.encoding" value="Cp1252"/>
    <property name="java.vendor" value="Oracle Corporation"/>
    <property name="java.vm.version" value="24.0.2+12-54"/>
    <property name="sun.io.unicode.encoding" value="UnicodeLittle"/>
    <property name="java.class.version" value="68.0"/>
  </properties>
  <testcase name="testPasswordCorrectMessage" classname="com.mycompany.assignmentpart1.LoginIT" time="0.07"/>
  <testcase name="testPhoneIncorrectBoolean" classname="com.mycompany.assignmentpart1.LoginIT" time="0.004"/>
  <testcase name="testLoginSuccess" classname="com.mycompany.assignmentpart1.LoginIT" time="0.004"/>
  <testcase name="testUsernameIncorrectBoolean" classname="com.mycompany.assignmentpart1.LoginIT" time="0.002"/>
  <testcase name="testLoginFail" classname="com.mycompany.assignmentpart1.LoginIT" time="0.002"/>
  <testcase name="testPasswordIncorrectBoolean" classname="com.mycompany.assignmentpart1.LoginIT" time="0.002"/>
  <testcase name="testPhoneIncorrectMessage" classname="com.mycompany.assignmentpart1.LoginIT" time="0.002"/>
  <testcase name="testUsernameIncorrectMessage" classname="com.mycompany.assignmentpart1.LoginIT" time="0.002"/>
  <testcase name="testUsernameCorrectBoolean" classname="com.mycompany.assignmentpart1.LoginIT" time="0.002"/>
  <testcase name="testPasswordIncorrectMessage" classname="com.mycompany.assignmentpart1.LoginIT" time="0.002"/>
  <testcase name="testPhoneCorrectBoolean" classname="com.mycompany.assignmentpart1.LoginIT" time="0.003"/>
  <testcase name="testUsernameCorrectMessage" classname="com.mycompany.assignmentpart1.LoginIT" time="0.005"/>
  <testcase name="testPasswordCorrectBoolean" classname="com.mycompany.assignmentpart1.LoginIT" time="0.002"/>
  <testcase name="testPhoneCorrectMessage" classname="com.mycompany.assignmentpart1.LoginIT" time="0.001"/>
</testsuite>